04:34:33: Creating resource group General
04:34:33: Creating resource group Internal
04:34:33: Creating resource group Autodetect
04:34:33: SceneManagerFactory for type 'DefaultSceneManager' registered.
04:34:33: Registering ResourceManager for type Material
04:34:33: Registering ResourceManager for type Mesh
04:34:33: Registering ResourceManager for type Skeleton
04:34:33: MovableObjectFactory for type 'ParticleSystem' registered.
04:34:33: ArchiveFactory for archive type FileSystem registered.
04:34:33: ArchiveFactory for archive type Zip registered.
04:34:33: ArchiveFactory for archive type EmbeddedZip registered.
04:34:33: DDS codec registering
04:34:33: FreeImage version: 3.17.0
04:34:33: This program uses FreeImage, a free, open source image library supporting all common bitmap formats. See http://freeimage.sourceforge.net for details
04:34:33: Supported formats: bmp,ico,jpg,jif,jpeg,jpe,jng,koa,iff,lbm,mng,pbm,pbm,pcd,pcx,pgm,pgm,png,ppm,ppm,ras,tga,targa,tif,tiff,wap,wbmp,wbm,psd,cut,xbm,xpm,gif,hdr,sgi,rgb,rgba,bw,exr,j2k,j2c,jp2,pfm,pct,pict,pic,3fr,arw,bay,bmq,cap,cine,cr2,crw,cs1,dc2,dcr,drf,dsc,dng,erf,fff,ia,iiq,k25,kc2,kdc,mdc,mef,mos,mrw,nef,nrw,orf,pef,ptx,pxn,qtk,raf,raw,rdc,rw2,rwl,rwz,sr2,srf,srw,sti,x3f,webp,jxr,wdp,hdp
04:34:33: Registering ResourceManager for type HighLevelGpuProgram
04:34:33: Registering ResourceManager for type Compositor
04:34:33: MovableObjectFactory for type 'Entity' registered.
04:34:33: MovableObjectFactory for type 'Light' registered.
04:34:33: MovableObjectFactory for type 'BillboardSet' registered.
04:34:33: MovableObjectFactory for type 'ManualObject' registered.
04:34:33: MovableObjectFactory for type 'BillboardChain' registered.
04:34:33: MovableObjectFactory for type 'RibbonTrail' registered.
04:34:33: OGRE EXCEPTION(6:FileNotFoundException): 'plugins.cfg' file not found! in ConfigFile::load at /ogre_build/ogre/OgreMain/src/OgreConfigFile.cpp (line 82)
04:34:33: plugins.cfg not found, automatic plugin loading disabled.
04:34:33: *-*-* OGRE Initialising
04:34:33: *-*-* Version 1.9.0 (Ghadamon)
04:34:33: OGRE EXCEPTION(6:FileNotFoundException): 'resources.cfg' file not found! in ConfigFile::load at /ogre_build/ogre/OgreMain/src/OgreConfigFile.cpp (line 82)
