21:16:45: Creating resource group General
21:16:45: Creating resource group Internal
21:16:45: Creating resource group Autodetect
21:16:45: SceneManagerFactory for type 'DefaultSceneManager' registered.
21:16:45: Registering ResourceManager for type Material
21:16:45: Registering ResourceManager for type Mesh
21:16:45: Registering ResourceManager for type Skeleton
21:16:45: MovableObjectFactory for type 'ParticleSystem' registered.
21:16:45: ArchiveFactory for archive type FileSystem registered.
21:16:45: ArchiveFactory for archive type Zip registered.
21:16:45: ArchiveFactory for archive type EmbeddedZip registered.
21:16:45: DDS codec registering
21:16:45: FreeImage version: 3.17.0
21:16:45: This program uses FreeImage, a free, open source image library supporting all common bitmap formats. See http://freeimage.sourceforge.net for details
21:16:45: Supported formats: bmp,ico,jpg,jif,jpeg,jpe,jng,koa,iff,lbm,mng,pbm,pbm,pcd,pcx,pgm,pgm,png,ppm,ppm,ras,tga,targa,tif,tiff,wap,wbmp,wbm,psd,cut,xbm,xpm,gif,hdr,sgi,rgb,rgba,bw,exr,j2k,j2c,jp2,pfm,pct,pict,pic,3fr,arw,bay,bmq,cap,cine,cr2,crw,cs1,dc2,dcr,drf,dsc,dng,erf,fff,ia,iiq,k25,kc2,kdc,mdc,mef,mos,mrw,nef,nrw,orf,pef,ptx,pxn,qtk,raf,raw,rdc,rw2,rwl,rwz,sr2,srf,srw,sti,x3f,webp,jxr,wdp,hdp
21:16:45: Registering ResourceManager for type HighLevelGpuProgram
21:16:45: Registering ResourceManager for type Compositor
21:16:45: MovableObjectFactory for type 'Entity' registered.
21:16:45: MovableObjectFactory for type 'Light' registered.
21:16:45: MovableObjectFactory for type 'BillboardSet' registered.
21:16:45: MovableObjectFactory for type 'ManualObject' registered.
21:16:45: MovableObjectFactory for type 'BillboardChain' registered.
21:16:45: MovableObjectFactory for type 'RibbonTrail' registered.
21:16:45: Loading library /usr/local/lib/OGRE/RenderSystem_GL
21:16:45: Installing plugin: GL RenderSystem
21:16:45: OpenGL Rendering Subsystem created.
21:16:45: Plugin successfully installed
21:16:45: Loading library /usr/local/lib/OGRE/Plugin_ParticleFX
21:16:45: Installing plugin: ParticleFX
21:16:45: Particle Emitter Type 'Point' registered
21:16:45: Particle Emitter Type 'Box' registered
21:16:45: Particle Emitter Type 'Ellipsoid' registered
21:16:45: Particle Emitter Type 'Cylinder' registered
21:16:45: Particle Emitter Type 'Ring' registered
21:16:45: Particle Emitter Type 'HollowEllipsoid' registered
21:16:45: Particle Affector Type 'LinearForce' registered
21:16:45: Particle Affector Type 'ColourFader' registered
21:16:45: Particle Affector Type 'ColourFader2' registered
21:16:45: Particle Affector Type 'ColourImage' registered
21:16:45: Particle Affector Type 'ColourInterpolator' registered
21:16:45: Particle Affector Type 'Scaler' registered
21:16:45: Particle Affector Type 'Rotator' registered
21:16:45: Particle Affector Type 'DirectionRandomiser' registered
21:16:45: Particle Affector Type 'DeflectorPlane' registered
21:16:45: Plugin successfully installed
21:16:45: Loading library /usr/local/lib/OGRE/Plugin_BSPSceneManager
21:16:45: Installing plugin: BSP Scene Manager
21:16:45: Plugin successfully installed
21:16:45: Loading library /usr/local/lib/OGRE/Plugin_CgProgramManager
21:16:45: Installing plugin: Cg Program Manager
21:16:45: Plugin successfully installed
21:16:45: Loading library /usr/local/lib/OGRE/Plugin_PCZSceneManager
21:16:45: Installing plugin: Portal Connected Zone Scene Manager
21:16:45: PCZone Factory Type 'ZoneType_Default' registered
21:16:45: Plugin successfully installed
21:16:45: Loading library /usr/local/lib/OGRE/Plugin_OctreeZone
21:16:45: Installing plugin: Octree Zone Factory
21:16:45: Plugin successfully installed
21:16:45: Loading library /usr/local/lib/OGRE/Plugin_OctreeSceneManager
21:16:45: Installing plugin: Octree Scene Manager
21:16:45: Plugin successfully installed
21:16:45: *-*-* OGRE Initialising
21:16:45: *-*-* Version 1.9.0 (Ghadamon)
21:16:46: Added resource location '/usr/local/share/OGRE/Media/thumbnails' of type 'FileSystem' to resource group 'General'
21:16:46: Added resource location '/usr/local/share/OGRE/Media/packs/SdkTrays.zip' of type 'Zip' to resource group 'General'
21:16:46: Added resource location '/usr/local/share/OGRE/Media/packs/profiler.zip' of type 'Zip' to resource group 'General'
21:16:46: Added resource location '/usr/local/share/OGRE/Media' of type 'FileSystem' to resource group 'General'
21:16:46: Added resource location '/usr/local/share/OGRE/Media/fonts' of type 'FileSystem' to resource group 'General'
21:16:46: Added resource location '/usr/local/share/OGRE/Media/materials/programs' of type 'FileSystem' to resource group 'General'
21:16:46: Added resource location '/usr/local/share/OGRE/Media/materials/programs/Cg' of type 'FileSystem' to resource group 'General'
21:16:46: Added resource location '/usr/local/share/OGRE/Media/materials/programs/GLSL' of type 'FileSystem' to resource group 'General'
21:16:46: Added resource location '/usr/local/share/OGRE/Media/materials/programs/GLSL150' of type 'FileSystem' to resource group 'General'
21:16:46: Added resource location '/usr/local/share/OGRE/Media/materials/programs/GLSL400' of type 'FileSystem' to resource group 'General'
21:16:46: Added resource location '/usr/local/share/OGRE/Media/materials/programs/HLSL' of type 'FileSystem' to resource group 'General'
21:16:46: Added resource location '/usr/local/share/OGRE/Media/materials/programs/HLSL_Cg' of type 'FileSystem' to resource group 'General'
21:16:46: Added resource location '/usr/local/share/OGRE/Media/materials/scripts' of type 'FileSystem' to resource group 'General'
21:16:46: Added resource location '/usr/local/share/OGRE/Media/materials/textures' of type 'FileSystem' to resource group 'General'
21:16:46: Added resource location '/usr/local/share/OGRE/Media/materials/textures/nvidia' of type 'FileSystem' to resource group 'General'
21:16:46: Added resource location '/usr/local/share/OGRE/Media/models' of type 'FileSystem' to resource group 'General'
21:16:46: Added resource location '/usr/local/share/OGRE/Media/particle' of type 'FileSystem' to resource group 'General'
21:16:46: Added resource location '/usr/local/share/OGRE/Media/DeferredShadingMedia' of type 'FileSystem' to resource group 'General'
21:16:46: Added resource location '/usr/local/share/OGRE/Media/PCZAppMedia' of type 'FileSystem' to resource group 'General'
21:16:46: Added resource location '/usr/local/share/OGRE/Media/RTShaderLib' of type 'FileSystem' to resource group 'General'
21:16:46: Added resource location '/usr/local/share/OGRE/Media/RTShaderLib/GLSL' of type 'FileSystem' to resource group 'General'
21:16:46: Added resource location '/usr/local/share/OGRE/Media/RTShaderLib/GLSL150' of type 'FileSystem' to resource group 'General'
21:16:46: Added resource location '/usr/local/share/OGRE/Media/RTShaderLib/HLSL_Cg' of type 'FileSystem' to resource group 'General'
21:16:46: Added resource location '/usr/local/share/OGRE/Media/RTShaderLib/materials' of type 'FileSystem' to resource group 'General'
21:16:46: Added resource location '/usr/local/share/OGRE/Media/materials/scripts/SSAO' of type 'FileSystem' to resource group 'General'
21:16:46: Added resource location '/usr/local/share/OGRE/Media/materials/textures/SSAO' of type 'FileSystem' to resource group 'General'
21:16:46: Added resource location '/usr/local/share/OGRE/Media/volumeTerrain' of type 'FileSystem' to resource group 'General'
21:16:46: Added resource location '/usr/local/share/OGRE/Media/PBR' of type 'FileSystem' to resource group 'General'
21:16:46: Added resource location './Assets/materials/' of type 'FileSystem' to resource group 'General'
21:16:46: Added resource location './Assets/meshes' of type 'FileSystem' to resource group 'General'
21:16:46: Added resource location './Assets/materials/textures' of type 'FileSystem' to resource group 'General'
21:16:46: Added resource location './Assets/materials/programs' of type 'FileSystem' to resource group 'General'
21:16:46: Added resource location './Assets/materials/scripts' of type 'FileSystem' to resource group 'General'
21:16:46: Added resource location '/usr/local/share/OGRE/Media/packs/cubemap.zip' of type 'Zip' to resource group 'General'
21:16:46: Added resource location '/usr/local/share/OGRE/Media/packs/cubemapsJS.zip' of type 'Zip' to resource group 'General'
21:16:46: Added resource location '/usr/local/share/OGRE/Media/packs/dragon.zip' of type 'Zip' to resource group 'General'
21:16:46: Added resource location '/usr/local/share/OGRE/Media/packs/fresneldemo.zip' of type 'Zip' to resource group 'General'
21:16:46: Added resource location '/usr/local/share/OGRE/Media/packs/ogretestmap.zip' of type 'Zip' to resource group 'General'
21:16:46: Added resource location '/usr/local/share/OGRE/Media/packs/ogredance.zip' of type 'Zip' to resource group 'General'
21:16:46: Added resource location '/usr/local/share/OGRE/Media/packs/Sinbad.zip' of type 'Zip' to resource group 'General'
21:16:46: Added resource location '/usr/local/share/OGRE/Media/packs/skybox.zip' of type 'Zip' to resource group 'General'
21:16:46: Added resource location '/usr/local/share/OGRE/Media/volumeTerrain/volumeTerrainBig.zip' of type 'Zip' to resource group 'General'
21:16:46: Added resource location '/usr/local/Tests/Media' of type 'FileSystem' to resource group 'General'
21:16:46: CPU Identifier & Features
21:16:46: -------------------------
21:16:46:  *   CPU ID: GenuineIntel: Intel(R) Core(TM) i7-4770 CPU @ 3.40GHz
21:16:46:  *      SSE: yes
21:16:46:  *     SSE2: yes
21:16:46:  *     SSE3: yes
21:16:46:  *      MMX: yes
21:16:46:  *   MMXEXT: yes
21:16:46:  *    3DNOW: no
21:16:46:  * 3DNOWEXT: no
21:16:46:  *     CMOV: yes
21:16:46:  *      TSC: yes
21:16:46:  *      FPU: yes
21:16:46:  *      PRO: yes
21:16:46:  *       HT: no
21:16:46: -------------------------
21:16:46: ******************************
*** Starting GLX Subsystem ***
******************************
21:16:46: Registering ResourceManager for type Texture
21:16:46: GLRenderSystem::_createRenderWindow "CS381 Game Engine Version 1.0", 1920x1080 windowed  miscParams: FSAA=0 displayFrequency=60 Hz gamma=No vsync=No 
21:16:46: GLXWindow::create used FBConfigID = 182
21:16:46: GL_VERSION = 3.0 Mesa 17.2.4
21:16:46: GL_VENDOR = X.Org
21:16:46: GL_RENDERER = AMD CAICOS (DRM 2.43.0 / 4.4.0-112-generic, LLVM 5.0.0)
21:16:46: GL_EXTENSIONS = GL_ARB_multisample GL_EXT_abgr GL_EXT_bgra GL_EXT_blend_color GL_EXT_blend_minmax GL_EXT_blend_subtract GL_EXT_copy_texture GL_EXT_polygon_offset GL_EXT_subtexture GL_EXT_texture_object GL_EXT_vertex_array GL_EXT_compiled_vertex_array GL_EXT_texture GL_EXT_texture3D GL_IBM_rasterpos_clip GL_ARB_point_parameters GL_EXT_draw_range_elements GL_EXT_packed_pixels GL_EXT_point_parameters GL_EXT_rescale_normal GL_EXT_separate_specular_color GL_EXT_texture_edge_clamp GL_SGIS_generate_mipmap GL_SGIS_texture_border_clamp GL_SGIS_texture_edge_clamp GL_SGIS_texture_lod GL_ARB_framebuffer_sRGB GL_ARB_multitexture GL_EXT_framebuffer_sRGB GL_IBM_multimode_draw_arrays GL_IBM_texture_mirrored_repeat GL_ARB_texture_cube_map GL_ARB_texture_env_add GL_ARB_transpose_matrix GL_EXT_blend_func_separate GL_EXT_fog_coord GL_EXT_multi_draw_arrays GL_EXT_secondary_color GL_EXT_texture_env_add GL_EXT_texture_filter_anisotropic GL_EXT_texture_lod_bias GL_INGR_blend_func_separate GL_NV_blend_square GL_NV_light_max_exponent GL_NV_texgen_reflection GL_NV_texture_env_combine4 GL_S3_s3tc GL_SUN_multi_draw_arrays GL_ARB_texture_border_clamp GL_ARB_texture_compression GL_EXT_framebuffer_object GL_EXT_texture_compression_s3tc GL_EXT_texture_env_combine GL_EXT_texture_env_dot3 GL_MESA_window_pos GL_NV_packed_depth_stencil GL_NV_texture_rectangle GL_ARB_depth_texture GL_ARB_occlusion_query GL_ARB_shadow GL_ARB_texture_env_combine GL_ARB_texture_env_crossbar GL_ARB_texture_env_dot3 GL_ARB_texture_mirrored_repeat GL_ARB_window_pos GL_ATI_fragment_shader GL_EXT_stencil_two_side GL_EXT_texture_cube_map GL_NV_depth_clamp GL_NV_fog_distance GL_APPLE_packed_pixels GL_ARB_draw_buffers GL_ARB_fragment_program GL_ARB_fragment_shader GL_ARB_shader_objects GL_ARB_vertex_program GL_ARB_vertex_shader GL_ATI_draw_buffers GL_ATI_texture_env_combine3 GL_ATI_texture_float GL_EXT_shadow_funcs GL_EXT_stencil_wrap GL_MESA_pack_invert GL_NV_primitive_restart GL_ARB_depth_clamp GL_ARB_fragment_program_shadow GL_ARB_half_float_pixel GL_ARB_occlusion_query2 GL_ARB_point_sprite GL_ARB_shading_language_100 GL_ARB_sync GL_ARB_texture_non_power_of_two GL_ARB_vertex_buffer_object GL_ATI_blend_equation_separate GL_EXT_blend_equation_separate GL_OES_read_format GL_ARB_color_buffer_float GL_ARB_pixel_buffer_object GL_ARB_texture_compression_rgtc GL_ARB_texture_float GL_ARB_texture_rectangle GL_ATI_texture_compression_3dc GL_EXT_packed_float GL_EXT_pixel_buffer_object GL_EXT_texture_compression_dxt1 GL_EXT_texture_compression_rgtc GL_EXT_texture_mirror_clamp GL_EXT_texture_rectangle GL_EXT_texture_sRGB GL_EXT_texture_shared_exponent GL_ARB_framebuffer_object GL_EXT_framebuffer_blit GL_EXT_framebuffer_multisample GL_EXT_packed_depth_stencil GL_ARB_vertex_array_object GL_ATI_separate_stencil GL_ATI_texture_mirror_once GL_EXT_draw_buffers2 GL_EXT_draw_instanced GL_EXT_gpu_program_parameters GL_EXT_texture_array GL_EXT_texture_compression_latc GL_EXT_texture_integer GL_EXT_texture_sRGB_decode GL_EXT_timer_query GL_OES_EGL_image GL_AMD_performance_monitor GL_ARB_copy_buffer GL_ARB_depth_buffer_float GL_ARB_draw_instanced GL_ARB_half_float_vertex GL_ARB_instanced_arrays GL_ARB_map_buffer_range GL_ARB_texture_rg GL_ARB_texture_swizzle GL_ARB_vertex_array_bgra GL_EXT_texture_swizzle GL_EXT_vertex_array_bgra GL_NV_conditional_render GL_AMD_conservative_depth GL_AMD_draw_buffers_blend GL_AMD_seamless_cubemap_per_texture GL_AMD_shader_stencil_export GL_ARB_ES2_compatibility GL_ARB_blend_func_extended GL_ARB_debug_output GL_ARB_draw_buffers_blend GL_ARB_draw_elements_base_vertex GL_ARB_explicit_attrib_location GL_ARB_fragment_coord_conventions GL_ARB_provoking_vertex GL_ARB_sample_shading GL_ARB_sampler_objects GL_ARB_seamless_cube_map GL_ARB_shader_stencil_export GL_ARB_shader_texture_lod GL_ARB_texture_cube_map_array GL_ARB_texture_gather GL_ARB_texture_multisample GL_ARB_texture_query_lod GL_ARB_texture_rgb10_a2ui GL_ARB_uniform_buffer_object GL_ARB_vertex_type_2_10_10_10_rev GL_ATI_meminfo GL_EXT_provoking_vertex GL_EXT_texture_snorm GL_MESA_texture_signed_rgba GL_NV_texture_barrier GL_ARB_get_program_binary GL_ARB_robustness GL_ARB_separate_shader_objects GL_ARB_shader_bit_encoding GL_ARB_shader_precision GL_ARB_texture_compression_bptc GL_ARB_timer_query GL_ARB_transform_feedback2 GL_ARB_transform_feedback3 GL_NV_vdpau_interop GL_ANGLE_texture_compression_dxt3 GL_ANGLE_texture_compression_dxt5 GL_ARB_base_instance GL_ARB_compressed_texture_pixel_storage GL_ARB_conservative_depth GL_ARB_internalformat_query GL_ARB_map_buffer_alignment GL_ARB_shading_language_420pack GL_ARB_shading_language_packing GL_ARB_texture_storage GL_ARB_transform_feedback_instanced GL_EXT_framebuffer_multisample_blit_scaled GL_EXT_transform_feedback GL_AMD_shader_trinary_minmax GL_ARB_ES3_compatibility GL_ARB_arrays_of_arrays GL_ARB_clear_buffer_object GL_ARB_copy_image GL_ARB_explicit_uniform_location GL_ARB_framebuffer_no_attachments GL_ARB_invalidate_subdata GL_ARB_program_interface_query GL_ARB_stencil_texturing GL_ARB_texture_query_levels GL_ARB_texture_storage_multisample GL_ARB_texture_view GL_ARB_vertex_attrib_binding GL_KHR_debug GL_AMD_pinned_memory GL_ARB_buffer_storage GL_ARB_clear_texture GL_ARB_internalformat_query2 GL_ARB_multi_bind GL_ARB_seamless_cubemap_per_texture GL_ARB_texture_mirror_clamp_to_edge GL_ARB_texture_stencil8 GL_ARB_vertex_type_10f_11f_11f_rev GL_EXT_shader_integer_mix GL_NVX_gpu_memory_info GL_ARB_clip_control GL_ARB_conditional_render_inverted GL_ARB_derivative_control GL_ARB_get_texture_sub_image GL_ARB_pipeline_statistics_query GL_ARB_shader_texture_image_samples GL_ARB_texture_barrier GL_EXT_polygon_offset_clamp GL_KHR_context_flush_control GL_KHR_no_error GL_MESA_shader_integer_functions 
21:16:46: Supported GLX extensions: GLX_ARB_create_context GLX_ARB_create_context_profile GLX_ARB_create_context_robustness GLX_ARB_fbconfig_float GLX_ARB_framebuffer_sRGB GLX_ARB_get_proc_address GLX_ARB_multisample GLX_EXT_import_context GLX_EXT_visual_info GLX_EXT_visual_rating GLX_EXT_fbconfig_packed_float GLX_EXT_framebuffer_sRGB GLX_EXT_create_context_es2_profile GLX_EXT_create_context_es_profile GLX_MESA_copy_sub_buffer GLX_MESA_multithread_makecurrent GLX_MESA_query_renderer GLX_MESA_swap_control GLX_OML_swap_method GLX_OML_sync_control GLX_SGI_make_current_read GLX_SGI_swap_control GLX_SGI_video_sync GLX_SGIS_multisample GLX_SGIX_fbconfig GLX_SGIX_pbuffer GLX_SGIX_visual_select_group GLX_EXT_texture_from_pixmap GLX_INTEL_swap_event 
21:16:46: ***************************
21:16:46: *** GL Renderer Started ***
21:16:46: ***************************
21:16:46: Registering ResourceManager for type GpuProgram
21:16:46: GLSL support detected
21:16:46: GL: Using GL_EXT_framebuffer_object for rendering to textures (best)
21:16:46: FBO PF_UNKNOWN depth/stencil support: D0S1 D0S4 D0S8 D0S16 D16S0 D24S0 D32S0 Packed-D24S8 
21:16:46: FBO PF_L8 depth/stencil support: D0S0 D0S1 D0S4 D0S8 D0S16 D16S0 D24S0 D32S0 Packed-D24S8 
21:16:46: FBO PF_L16 depth/stencil support: D0S0 D0S1 D0S4 D0S8 D0S16 D16S0 D24S0 D32S0 Packed-D24S8 
21:16:46: FBO PF_A8 depth/stencil support: D0S0 D0S1 D0S4 D0S8 D0S16 D16S0 D24S0 D32S0 Packed-D24S8 
21:16:46: FBO PF_BYTE_LA depth/stencil support: D0S0 D0S1 D0S4 D0S8 D0S16 D16S0 D24S0 D32S0 Packed-D24S8 
21:16:46: FBO PF_R5G6B5 depth/stencil support: D0S0 D0S1 D0S4 D0S8 D0S16 D16S0 D24S0 D32S0 Packed-D24S8 
21:16:46: FBO PF_B5G6R5 depth/stencil support: D0S0 D0S1 D0S4 D0S8 D0S16 D16S0 D24S0 D32S0 Packed-D24S8 
21:16:46: FBO PF_A4R4G4B4 depth/stencil support: D0S0 D0S1 D0S4 D0S8 D0S16 D16S0 D24S0 D32S0 Packed-D24S8 
21:16:46: FBO PF_A1R5G5B5 depth/stencil support: D0S0 D0S1 D0S4 D0S8 D0S16 D16S0 D24S0 D32S0 Packed-D24S8 
21:16:46: FBO PF_R8G8B8 depth/stencil support: D0S0 D0S1 D0S4 D0S8 D0S16 D16S0 D24S0 D32S0 Packed-D24S8 
21:16:46: FBO PF_B8G8R8 depth/stencil support: D0S0 D0S1 D0S4 D0S8 D0S16 D16S0 D24S0 D32S0 Packed-D24S8 
21:16:46: FBO PF_A8R8G8B8 depth/stencil support: D0S0 D0S1 D0S4 D0S8 D0S16 D16S0 D24S0 D32S0 Packed-D24S8 
21:16:46: FBO PF_B8G8R8A8 depth/stencil support: D0S0 D0S1 D0S4 D0S8 D0S16 D16S0 D24S0 D32S0 Packed-D24S8 
21:16:46: FBO PF_A2R10G10B10 depth/stencil support: D0S0 D0S1 D0S4 D0S8 D0S16 D16S0 D24S0 D32S0 Packed-D24S8 
21:16:46: FBO PF_A2B10G10R10 depth/stencil support: D0S0 D0S1 D0S4 D0S8 D0S16 D16S0 D24S0 D32S0 Packed-D24S8 
21:16:46: FBO PF_FLOAT16_RGB depth/stencil support: D0S0 D0S1 D0S4 D0S8 D0S16 D16S0 D24S0 D32S0 Packed-D24S8 
21:16:46: FBO PF_FLOAT16_RGBA depth/stencil support: D0S0 D0S1 D0S4 D0S8 D0S16 D16S0 D24S0 D32S0 Packed-D24S8 
21:16:46: FBO PF_FLOAT32_RGB depth/stencil support: D0S0 D0S1 D0S4 D0S8 D0S16 D16S0 D24S0 D32S0 Packed-D24S8 
21:16:46: FBO PF_FLOAT32_RGBA depth/stencil support: D0S0 D0S1 D0S4 D0S8 D0S16 D16S0 D24S0 D32S0 Packed-D24S8 
21:16:46: FBO PF_X8R8G8B8 depth/stencil support: D0S0 D0S1 D0S4 D0S8 D0S16 D16S0 D24S0 D32S0 Packed-D24S8 
21:16:46: FBO PF_X8B8G8R8 depth/stencil support: D0S0 D0S1 D0S4 D0S8 D0S16 D16S0 D24S0 D32S0 Packed-D24S8 
21:16:46: FBO PF_SHORT_RGBA depth/stencil support: D0S0 D0S1 D0S4 D0S8 D0S16 D16S0 D24S0 D32S0 Packed-D24S8 
21:16:46: FBO PF_R3G3B2 depth/stencil support: D0S0 D0S1 D0S4 D0S8 D0S16 D16S0 D24S0 D32S0 Packed-D24S8 
21:16:46: FBO PF_FLOAT16_R depth/stencil support: D0S0 D0S1 D0S4 D0S8 D0S16 D16S0 D24S0 D32S0 Packed-D24S8 
21:16:46: FBO PF_FLOAT32_R depth/stencil support: D0S0 D0S1 D0S4 D0S8 D0S16 D16S0 D24S0 D32S0 Packed-D24S8 
21:16:46: FBO PF_SHORT_GR depth/stencil support: D0S0 D0S1 D0S4 D0S8 D0S16 D16S0 D24S0 D32S0 Packed-D24S8 
21:16:46: FBO PF_FLOAT16_GR depth/stencil support: D0S0 D0S1 D0S4 D0S8 D0S16 D16S0 D24S0 D32S0 Packed-D24S8 
21:16:46: FBO PF_FLOAT32_GR depth/stencil support: D0S0 D0S1 D0S4 D0S8 D0S16 D16S0 D24S0 D32S0 Packed-D24S8 
21:16:46: FBO PF_SHORT_RGB depth/stencil support: D0S0 D0S1 D0S4 D0S8 D0S16 D16S0 D24S0 D32S0 Packed-D24S8 
21:16:46: [GL] : Valid FBO targets PF_UNKNOWN PF_L8 PF_L16 PF_A8 PF_BYTE_LA PF_R5G6B5 PF_B5G6R5 PF_A4R4G4B4 PF_A1R5G5B5 PF_R8G8B8 PF_B8G8R8 PF_A8R8G8B8 PF_B8G8R8A8 PF_A2R10G10B10 PF_A2B10G10R10 PF_FLOAT16_RGB PF_FLOAT16_RGBA PF_FLOAT32_RGB PF_FLOAT32_RGBA PF_X8R8G8B8 PF_X8B8G8R8 PF_SHORT_RGBA PF_R3G3B2 PF_FLOAT16_R PF_FLOAT32_R PF_SHORT_GR PF_FLOAT16_GR PF_FLOAT32_GR PF_SHORT_RGB 
21:16:46: RenderSystem capabilities
21:16:46: -------------------------
21:16:46: RenderSystem Name: OpenGL Rendering Subsystem
21:16:46: GPU Vendor: unknown
21:16:46: Device Name: AMD CAICOS (DRM 2.43.0 / 4.4.0-112-generic, LLVM 5.0.0)
21:16:46: Driver Version: 3.0.0.0
21:16:46:  * Fixed function pipeline: yes
21:16:46:  * Hardware generation of mipmaps: yes
21:16:46:  * Texture blending: yes
21:16:46:  * Anisotropic texture filtering: yes
21:16:46:  * Dot product texture operation: yes
21:16:46:  * Cube mapping: yes
21:16:46:  * Hardware stencil buffer: yes
21:16:46:    - Stencil depth: 8
21:16:46:    - Two sided stencil support: yes
21:16:46:    - Wrap stencil values: yes
21:16:46:  * Hardware vertex / index buffers: yes
21:16:46:  * Vertex programs: yes
21:16:46:  * Number of floating-point constants for vertex programs: 4096
21:16:46:  * Number of integer constants for vertex programs: 0
21:16:46:  * Number of boolean constants for vertex programs: 0
21:16:46:  * Fragment programs: yes
21:16:46:  * Number of floating-point constants for fragment programs: 4096
21:16:46:  * Number of integer constants for fragment programs: 0
21:16:46:  * Number of boolean constants for fragment programs: 0
21:16:46:  * Geometry programs: no
21:16:46:  * Number of floating-point constants for geometry programs: 0
21:16:46:  * Number of integer constants for geometry programs: 0
21:16:46:  * Number of boolean constants for geometry programs: 0
21:16:46:  * Tesselation Hull programs: no
21:16:46:  * Number of floating-point constants for tesselation hull programs: 0
21:16:46:  * Number of integer constants for tesselation hull programs: 0
21:16:46:  * Number of boolean constants for tesselation hull programs: 0
21:16:46:  * Tesselation Domain programs: no
21:16:46:  * Number of floating-point constants for tesselation domain programs: 0
21:16:46:  * Number of integer constants for tesselation domain programs: 0
21:16:46:  * Number of boolean constants for tesselation domain programs: 0
21:16:46:  * Compute programs: no
21:16:46:  * Number of floating-point constants for compute programs: 0
21:16:46:  * Number of integer constants for compute programs: 0
21:16:46:  * Number of boolean constants for compute programs: 0
21:16:46:  * Supported Shader Profiles: arbfp1 arbvp1 glsl ps_1_1 ps_1_2 ps_1_3 ps_1_4
21:16:46:  * Texture Compression: yes
21:16:46:    - DXT: yes
21:16:46:    - VTC: no
21:16:46:    - PVRTC: no
21:16:46:    - ATC: no
21:16:46:    - ETC1: no
21:16:46:    - ETC2: no
21:16:46:    - BC4/BC5: no
21:16:46:    - BC6H/BC7: no
21:16:46:  * Scissor Rectangle: yes
21:16:46:  * Hardware Occlusion Query: yes
21:16:46:  * User clip planes: yes
21:16:46:  * VET_UBYTE4 vertex element type: yes
21:16:46:  * Infinite far plane projection: yes
21:16:46:  * Hardware render-to-texture: yes
21:16:46:  * Floating point textures: yes
21:16:46:  * Non-power-of-two textures: yes
21:16:46:  * 1d textures: yes
21:16:46:  * Volume textures: yes
21:16:46:  * Multiple Render Targets: 8
21:16:46:    - With different bit depths: yes
21:16:46:  * Point Sprites: yes
21:16:46:  * Extended point parameters: yes
21:16:46:  * Max Point Size: 8192
21:16:46:  * Vertex texture fetch: yes
21:16:46:  * Number of world matrices: 0
21:16:46:  * Number of texture units: 16
21:16:46:  * Stencil buffer depth: 8
21:16:46:  * Number of vertex blend matrices: 0
21:16:46:    - Max vertex textures: 16
21:16:46:    - Vertex textures shared: yes
21:16:46:  * Render to Vertex Buffer : no
21:16:46:  * Hardware Atomic Counters: no
21:16:46:  * GL 1.5 without VBO workaround: no
21:16:46:  * Frame Buffer objects: yes
21:16:46:  * Frame Buffer objects (ARB extension): no
21:16:46:  * Frame Buffer objects (ATI extension): no
21:16:46:  * PBuffer support: yes
21:16:46:  * GL 1.5 without HW-occlusion workaround: no
21:16:46:  * Vertex Array Objects: no
21:16:46:  * Separate shader objects: no
21:16:46: DefaultWorkQueue('Root') initialising on thread 7fd465cf0800.
21:16:46: DefaultWorkQueue('Root')::WorkerFunc - thread 7fd451cbb700 starting.
21:16:46: DefaultWorkQueue('Root')::WorkerFunc - thread 7fd44bfff700 starting.
21:16:46: DefaultWorkQueue('Root')::WorkerFunc - thread 7fd4514ba700 starting.
21:16:46: DefaultWorkQueue('Root')::WorkerFunc - thread 7fd450cb9700 starting.
21:16:46: DefaultWorkQueue('Root')::WorkerFunc - thread 7fd44b7fe700 starting.
21:16:46: DefaultWorkQueue('Root')::WorkerFunc - thread 7fd44affd700 starting.
21:16:46: DefaultWorkQueue('Root')::WorkerFunc - thread 7fd44a7fc700 starting.
21:16:46: DefaultWorkQueue('Root')::WorkerFunc - thread 7fd449ffb700 starting.
21:16:46: Particle Renderer Type 'billboard' registered
21:16:46: SceneManagerFactory for type 'BspSceneManager' registered.
21:16:46: Registering ResourceManager for type BspLevel
21:16:46: SceneManagerFactory for type 'PCZSceneManager' registered.
21:16:46: MovableObjectFactory for type 'PCZLight' registered.
21:16:46: MovableObjectFactory for type 'Portal' registered.
21:16:46: MovableObjectFactory for type 'AntiPortal' registered.
21:16:46: PCZone Factory Type 'ZoneType_Octree' registered
21:16:46: SceneManagerFactory for type 'OctreeSceneManager' registered.
21:16:46: Can't assign material debug_draw to the ManualObject debug_object because this Material does not exist. Have you forgotten to define it in a .material script?
21:16:46: Can't assign material debug_draw to the ManualObject debug_object because this Material does not exist. Have you forgotten to define it in a .material script?
21:16:46: OverlayElementFactory for type Panel registered.
21:16:46: OverlayElementFactory for type BorderPanel registered.
21:16:46: OverlayElementFactory for type TextArea registered.
21:16:46: Registering ResourceManager for type Font
21:16:46: Parsing scripts for resource group Autodetect
21:16:46: Finished parsing scripts for resource group Autodetect
21:16:46: Creating resources for group Autodetect
21:16:46: All done
21:16:46: Parsing scripts for resource group General
21:16:46: Parsing script StdQuad_vp.program
21:16:46: Parsing script Examples.program
21:16:46: Parsing script Instancing.program
21:16:46: Parsing script DualQuaternion.program
21:16:46: OGRE EXCEPTION(7:InternalErrorException): Unable to compile Cg program Ogre/DualQuaternionHardwareSkinningTwoWeightsTwoPhaseCg: The compile returned an error.
DualQuaternion_Common.cg(167) : warning C7019: "blendWgt" is too large for semantic "BLENDWEIGHT", which is size 1
(0) : error C6007: Constant register limit exceeded; more than 96 constant registers needed to compiled program
(0) : error C6007: Constant register limit exceeded; more than 96 constant registers needed to compiled program
(0) : error C6007: Constant register limit exceeded; more than 96 constant registers needed to compiled program
(0) : error C6007: Constant register limit exceeded; more than 96 constant registers needed to compiled program
(0) : error C6007: Constant register limit exceeded; more than 96 constant registers needed to compiled program
(0) : error C6007: Constant register limit exceeded; more than 96 constant registers needed to compiled program
(0) : error C6007: Constant register limit exceeded; more than 96 constant registers needed to compiled program
(0) : error C6007: Constant register limit exceeded; more than 96 constant registers needed to compiled program
 in CgProgram::compileMicrocode at /ogre_build/ogre/PlugIns/CgProgramManager/src/OgreCgProgramManagerDll.cpp (line 67)
21:16:46: High-level program Ogre/DualQuaternionHardwareSkinningTwoWeightsTwoPhaseCg encountered an error during loading and is thus not supported.
OGRE EXCEPTION(7:InternalErrorException): Unable to compile Cg program Ogre/DualQuaternionHardwareSkinningTwoWeightsTwoPhaseCg: The compile returned an error.
DualQuaternion_Common.cg(167) : warning C7019: "blendWgt" is too large for semantic "BLENDWEIGHT", which is size 1
(0) : error C6007: Constant register limit exceeded; more than 96 constant registers needed to compiled program
(0) : error C6007: Constant register limit exceeded; more than 96 constant registers needed to compiled program
(0) : error C6007: Constant register limit exceeded; more than 96 constant registers needed to compiled program
(0) : error C6007: Constant register limit exceeded; more than 96 constant registers needed to compiled program
(0) : error C6007: Constant register limit exceeded; more than 96 constant registers needed to compiled program
(0) : error C6007: Constant register limit exceeded; more than 96 constant registers needed to compiled program
(0) : error C6007: Constant register limit exceeded; more than 96 constant registers needed to compiled program
(0) : error C6007: Constant register limit exceeded; more than 96 constant registers needed to compiled program
 in CgProgram::compileMicrocode at /ogre_build/ogre/PlugIns/CgProgramManager/src/OgreCgProgramManagerDll.cpp (line 67)
21:16:46: OGRE EXCEPTION(2:InvalidParametersException): Named constants have not been initialised, perhaps a compile error. in GpuProgramParameters::_findNamedConstantDefinition at /ogre_build/ogre/OgreMain/src/OgreGpuProgramParams.cpp (line 1709)
21:16:46: Compiler error: invalid parameters in DualQuaternion.program(28): setting of constant failed
21:16:46: Parsing script deferred_post.program
21:16:46: Parsing script ShadowCaster.program
21:16:46: Parsing script GBuffer.program
21:16:46: Parsing script triplanarReference.program
21:16:46: Parsing script pbr.program
21:16:46: Parsing script SdkTrays.material
21:16:46: Parsing script OgreProfiler.material
21:16:46: Parsing script IsoSurf.material
21:16:46: Parsing script Tiling.material
21:16:46: Parsing script Dither.material
21:16:46: Parsing script ShaderSystem.material
21:16:46: Parsing script Swizzle.material
21:16:46: OGRE EXCEPTION(2:InvalidParametersException): Parameter called WorldViewProj does not exist.  in GpuProgramParameters::_findNamedConstantDefinition at /ogre_build/ogre/OgreMain/src/OgreGpuProgramParams.cpp (line 1719)
21:16:46: Compiler error: invalid parameters in Swizzle.material(68): setting of constant failed
21:16:46: OGRE EXCEPTION(2:InvalidParametersException): Parameter called origColour does not exist.  in GpuProgramParameters::_findNamedConstantDefinition at /ogre_build/ogre/OgreMain/src/OgreGpuProgramParams.cpp (line 1719)
21:16:46: Compiler error: invalid parameters in Swizzle.material(79): setting of constant failed
21:16:46: OGRE EXCEPTION(2:InvalidParametersException): Parameter called cloneColour does not exist.  in GpuProgramParameters::_findNamedConstantDefinition at /ogre_build/ogre/OgreMain/src/OgreGpuProgramParams.cpp (line 1719)
21:16:46: Compiler error: invalid parameters in Swizzle.material(80): setting of constant failed
21:16:46: Parsing script AdaptivePNTrianglesTessellation.material
21:16:46: Parsing script ASCII.material
21:16:46: Parsing script ASMSwizzle.material
21:16:46: Compiler error: object unsupported by render system in ASMSwizzle.material(1): , Shader name: Ogre/GPTest/Swizzle_GP_ASM
21:16:46: Parsing script Posterize.material
21:16:46: Parsing script VarianceShadowmap.material
21:16:46: Parsing script CGSwizzle.material
21:16:46: Parsing script TerrainTessellation.material
21:16:46: Compiler error: unknown error in TerrainTessellation.material(123): token class, tessellation_hull_program, unrecognized.
21:16:46: Compiler error: unknown error in TerrainTessellation.material(140): token class, tessellation_domain_program, unrecognized.
21:16:46: Compiler error: unknown error in TerrainTessellation.material(177): token class, tessellation_hull_program_ref, unrecognized.
21:16:46: Compiler error: unknown error in TerrainTessellation.material(182): token class, tessellation_domain_program_ref, unrecognized.
21:16:46: Compiler error: unknown error in TerrainTessellation.material(177): token "tessellation_hull_program_ref" is not recognized
21:16:46: Compiler error: unknown error in TerrainTessellation.material(182): token "tessellation_domain_program_ref" is not recognized
21:16:46: Parsing script Ocean.material
21:16:46: Parsing script Examples.material
21:16:46: Parsing script Laplace.material
21:16:46: Parsing script Tesselation.material
21:16:46: Parsing script RadialBlur.material
21:16:46: Parsing script instancing.material
21:16:46: Parsing script NightVision.material
21:16:46: Parsing script sibenik.material
21:16:46: Parsing script Examples-DynTex.material
21:16:46: Parsing script Penguin.material
21:16:46: Parsing script ParticleGS.material
21:16:46: Parsing script HWInstancing.material
21:16:46: Parsing script hdr.material
21:16:46: Parsing script RZR-002.material
21:16:46: Parsing script BlackAndWhite.material
21:16:46: Parsing script HeatVision.material
21:16:46: Parsing script GLSLSwizzle.material
21:16:46: Parsing script VTFInstancing.material
21:16:46: Parsing script Bloom.material
21:16:46: Parsing script OffsetMapping.material
21:16:46: Parsing script Examples-Water.material
21:16:46: Parsing script OldTV.material
21:16:46: Parsing script Tessellation.material
21:16:46: Compiler error: unknown error in Tessellation.material(20): token class, tessellation_hull_program, unrecognized.
21:16:46: Compiler error: unknown error in Tessellation.material(32): token class, tessellation_hull_program, unrecognized.
21:16:46: Compiler error: unknown error in Tessellation.material(43): token class, tessellation_hull_program, unrecognized.
21:16:46: Compiler error: unknown error in Tessellation.material(49): token class, tessellation_domain_program, unrecognized.
21:16:46: Compiler error: unknown error in Tessellation.material(61): token class, tessellation_domain_program, unrecognized.
21:16:46: Compiler error: unknown error in Tessellation.material(72): token class, tessellation_domain_program, unrecognized.
21:16:46: Compiler error: unknown error in Tessellation.material(111): token class, tessellation_hull_program_ref, unrecognized.
21:16:46: Compiler error: unknown error in Tessellation.material(116): token class, tessellation_domain_program_ref, unrecognized.
21:16:46: Compiler error: unknown error in Tessellation.material(111): token "tessellation_hull_program_ref" is not recognized
21:16:46: Compiler error: unknown error in Tessellation.material(116): token "tessellation_domain_program_ref" is not recognized
21:16:46: Parsing script Compute.material
21:16:46: Parsing script HW_VTFInstancing.material
21:16:46: Parsing script Island.material
21:16:46: Compiler error: unknown error in Island.material(199): token class, tessellation_hull_program, unrecognized.
21:16:46: Compiler error: unknown error in Island.material(215): token class, tessellation_domain_program, unrecognized.
21:16:46: Compiler error: unknown error in Island.material(271): token class, tessellation_hull_program_ref, unrecognized.
21:16:46: Compiler error: unknown error in Island.material(275): token class, tessellation_domain_program_ref, unrecognized.
21:16:46: Compiler error: unknown error in Island.material(295): token class, tessellation_hull_program_ref, unrecognized.
21:16:46: Compiler error: unknown error in Island.material(299): token class, tessellation_domain_program_ref, unrecognized.
21:16:46: Compiler error: unknown error in Island.material(315): token class, tessellation_domain_program, unrecognized.
21:16:46: Compiler error: unknown error in Island.material(364): token class, tessellation_hull_program_ref, unrecognized.
21:16:46: Compiler error: unknown error in Island.material(368): token class, tessellation_domain_program_ref, unrecognized.
21:16:46: Parsing script HW_VTF_LUTInstancing.material
21:16:46: Parsing script OldMovie.material
21:16:46: Parsing script Hair.material
21:16:46: Parsing script ShaderInstancing.material
21:16:46: Parsing script Invert.material
21:16:46: Parsing script shadows.material
21:16:46: Parsing script Bloom2.material
21:16:46: Parsing script Glass.material
21:16:46: Parsing script RasterizationOrder.material
21:16:46: Parsing script DepthShadowmap.material
21:16:46: Parsing script DualQuaternion.material
21:16:46: Parsing script Examples-Advanced.material
21:16:46: Compiler error: object unsupported by render system in Examples-Advanced.material(938): , Shader name: Examples/TextureArrayPSasm
21:16:46: Parsing script Example-Water.material
21:16:46: Parsing script Ogre.material
21:16:46: Parsing script Embossed.material
21:16:46: Parsing script smoke.material
21:16:46: Parsing script Halftone.material
21:16:46: Parsing script DOF.material
21:16:46: Parsing script SharpenEdges.material
21:16:46: Parsing script InstancingMisc.material
21:16:46: Parsing script MotionBlur.material
21:16:46: Parsing script AtomicCounters.material
21:16:46: Compiler error: number expected in AtomicCounters.material(3): true invalid - extra parameters to shared_param_named must be numbers
21:16:46: Compiler error: number expected in AtomicCounters.material(14): false invalid - extra parameters to shared_param_named must be numbers
21:16:46: Parsing script Hurt.material
21:16:46: Parsing script FluidSim.material
21:16:46: Parsing script facial.material
21:16:46: Parsing script DamagedHelmet.material
21:16:46: Compiler error: unknown error in DamagedHelmet.material(64): token "rtshader_system" is not recognized
21:16:46: Parsing script MRTtest.material
21:16:46: Parsing script pssm.material
21:16:46: Parsing script CompositorDemo.material
21:16:46: Parsing script deferred_post.material
21:16:46: Parsing script ShadowCaster.material
21:16:46: Parsing script deferred_post_minilight.material
21:16:46: Parsing script ssao.material
21:16:46: Parsing script deferreddemo.material
21:16:46: Parsing script ROOM.material
21:16:46: Parsing script DualQuaternionSkinning_Shadow.material
21:16:46: OGRE EXCEPTION(6:FileNotFoundException): Cannot locate resource DualQuaternionSkinning_Shadow.cg in resource group General or any other group. in ResourceGroupManager::openResource at /ogre_build/ogre/OgreMain/src/OgreResourceGroupManager.cpp (line 756)
21:16:46: High-level program Ogre/RTShader/shadow_caster_dq_ps_cg encountered an error during loading and is thus not supported.
OGRE EXCEPTION(6:FileNotFoundException): Cannot locate resource DualQuaternionSkinning_Shadow.cg in resource group General or any other group. in ResourceGroupManager::openResource at /ogre_build/ogre/OgreMain/src/OgreResourceGroupManager.cpp (line 756)
21:16:46: OGRE EXCEPTION(6:FileNotFoundException): Cannot locate resource DualQuaternionSkinning_Shadow.cg in resource group General or any other group. in ResourceGroupManager::openResource at /ogre_build/ogre/OgreMain/src/OgreResourceGroupManager.cpp (line 756)
21:16:46: High-level program Ogre/RTShader/shadow_caster_dq_skinning_1weight_vs_cg encountered an error during loading and is thus not supported.
OGRE EXCEPTION(6:FileNotFoundException): Cannot locate resource DualQuaternionSkinning_Shadow.cg in resource group General or any other group. in ResourceGroupManager::openResource at /ogre_build/ogre/OgreMain/src/OgreResourceGroupManager.cpp (line 756)
21:16:46: OGRE EXCEPTION(2:InvalidParametersException): Named constants have not been initialised, perhaps a compile error. in GpuProgramParameters::_findNamedConstantDefinition at /ogre_build/ogre/OgreMain/src/OgreGpuProgramParams.cpp (line 1709)
21:16:46: Compiler error: invalid parameters in DualQuaternionSkinning_Shadow.material(149): setting of constant failed
21:16:46: OGRE EXCEPTION(2:InvalidParametersException): Named constants have not been initialised, perhaps a compile error. in GpuProgramParameters::_findNamedConstantDefinition at /ogre_build/ogre/OgreMain/src/OgreGpuProgramParams.cpp (line 1709)
21:16:46: Compiler error: invalid parameters in DualQuaternionSkinning_Shadow.material(150): setting of constant failed
21:16:46: OGRE EXCEPTION(2:InvalidParametersException): Named constants have not been initialised, perhaps a compile error. in GpuProgramParameters::_findNamedConstantDefinition at /ogre_build/ogre/OgreMain/src/OgreGpuProgramParams.cpp (line 1709)
21:16:46: Compiler error: invalid parameters in DualQuaternionSkinning_Shadow.material(151): setting of constant failed
21:16:46: OGRE EXCEPTION(6:FileNotFoundException): Cannot locate resource DualQuaternionSkinning_Shadow.cg in resource group General or any other group. in ResourceGroupManager::openResource at /ogre_build/ogre/OgreMain/src/OgreResourceGroupManager.cpp (line 756)
21:16:46: High-level program Ogre/RTShader/shadow_caster_dq_skinning_2weight_vs_cg encountered an error during loading and is thus not supported.
OGRE EXCEPTION(6:FileNotFoundException): Cannot locate resource DualQuaternionSkinning_Shadow.cg in resource group General or any other group. in ResourceGroupManager::openResource at /ogre_build/ogre/OgreMain/src/OgreResourceGroupManager.cpp (line 756)
21:16:46: OGRE EXCEPTION(2:InvalidParametersException): Named constants have not been initialised, perhaps a compile error. in GpuProgramParameters::_findNamedConstantDefinition at /ogre_build/ogre/OgreMain/src/OgreGpuProgramParams.cpp (line 1709)
21:16:46: Compiler error: invalid parameters in DualQuaternionSkinning_Shadow.material(165): setting of constant failed
21:16:46: OGRE EXCEPTION(2:InvalidParametersException): Named constants have not been initialised, perhaps a compile error. in GpuProgramParameters::_findNamedConstantDefinition at /ogre_build/ogre/OgreMain/src/OgreGpuProgramParams.cpp (line 1709)
21:16:46: Compiler error: invalid parameters in DualQuaternionSkinning_Shadow.material(166): setting of constant failed
21:16:46: OGRE EXCEPTION(2:InvalidParametersException): Named constants have not been initialised, perhaps a compile error. in GpuProgramParameters::_findNamedConstantDefinition at /ogre_build/ogre/OgreMain/src/OgreGpuProgramParams.cpp (line 1709)
21:16:46: Compiler error: invalid parameters in DualQuaternionSkinning_Shadow.material(167): setting of constant failed
21:16:46: OGRE EXCEPTION(6:FileNotFoundException): Cannot locate resource DualQuaternionSkinning_Shadow.cg in resource group General or any other group. in ResourceGroupManager::openResource at /ogre_build/ogre/OgreMain/src/OgreResourceGroupManager.cpp (line 756)
21:16:46: High-level program Ogre/RTShader/shadow_caster_dq_skinning_3weight_vs_cg encountered an error during loading and is thus not supported.
OGRE EXCEPTION(6:FileNotFoundException): Cannot locate resource DualQuaternionSkinning_Shadow.cg in resource group General or any other group. in ResourceGroupManager::openResource at /ogre_build/ogre/OgreMain/src/OgreResourceGroupManager.cpp (line 756)
21:16:46: OGRE EXCEPTION(2:InvalidParametersException): Named constants have not been initialised, perhaps a compile error. in GpuProgramParameters::_findNamedConstantDefinition at /ogre_build/ogre/OgreMain/src/OgreGpuProgramParams.cpp (line 1709)
21:16:46: Compiler error: invalid parameters in DualQuaternionSkinning_Shadow.material(180): setting of constant failed
21:16:46: OGRE EXCEPTION(2:InvalidParametersException): Named constants have not been initialised, perhaps a compile error. in GpuProgramParameters::_findNamedConstantDefinition at /ogre_build/ogre/OgreMain/src/OgreGpuProgramParams.cpp (line 1709)
21:16:46: Compiler error: invalid parameters in DualQuaternionSkinning_Shadow.material(181): setting of constant failed
21:16:46: OGRE EXCEPTION(2:InvalidParametersException): Named constants have not been initialised, perhaps a compile error. in GpuProgramParameters::_findNamedConstantDefinition at /ogre_build/ogre/OgreMain/src/OgreGpuProgramParams.cpp (line 1709)
21:16:46: Compiler error: invalid parameters in DualQuaternionSkinning_Shadow.material(182): setting of constant failed
21:16:46: OGRE EXCEPTION(6:FileNotFoundException): Cannot locate resource DualQuaternionSkinning_Shadow.cg in resource group General or any other group. in ResourceGroupManager::openResource at /ogre_build/ogre/OgreMain/src/OgreResourceGroupManager.cpp (line 756)
21:16:46: High-level program Ogre/RTShader/shadow_caster_dq_skinning_4weight_vs_cg encountered an error during loading and is thus not supported.
OGRE EXCEPTION(6:FileNotFoundException): Cannot locate resource DualQuaternionSkinning_Shadow.cg in resource group General or any other group. in ResourceGroupManager::openResource at /ogre_build/ogre/OgreMain/src/OgreResourceGroupManager.cpp (line 756)
21:16:46: OGRE EXCEPTION(2:InvalidParametersException): Named constants have not been initialised, perhaps a compile error. in GpuProgramParameters::_findNamedConstantDefinition at /ogre_build/ogre/OgreMain/src/OgreGpuProgramParams.cpp (line 1709)
21:16:46: Compiler error: invalid parameters in DualQuaternionSkinning_Shadow.material(196): setting of constant failed
21:16:46: OGRE EXCEPTION(2:InvalidParametersException): Named constants have not been initialised, perhaps a compile error. in GpuProgramParameters::_findNamedConstantDefinition at /ogre_build/ogre/OgreMain/src/OgreGpuProgramParams.cpp (line 1709)
21:16:46: Compiler error: invalid parameters in DualQuaternionSkinning_Shadow.material(197): setting of constant failed
21:16:46: OGRE EXCEPTION(2:InvalidParametersException): Named constants have not been initialised, perhaps a compile error. in GpuProgramParameters::_findNamedConstantDefinition at /ogre_build/ogre/OgreMain/src/OgreGpuProgramParams.cpp (line 1709)
21:16:46: Compiler error: invalid parameters in DualQuaternionSkinning_Shadow.material(198): setting of constant failed
21:16:46: OGRE EXCEPTION(6:FileNotFoundException): Cannot locate resource DualQuaternionSkinning_Shadow.cg in resource group General or any other group. in ResourceGroupManager::openResource at /ogre_build/ogre/OgreMain/src/OgreResourceGroupManager.cpp (line 756)
21:16:46: High-level program Ogre/RTShader/shadow_caster_dq_skinning_1weight_twophase_vs_cg encountered an error during loading and is thus not supported.
OGRE EXCEPTION(6:FileNotFoundException): Cannot locate resource DualQuaternionSkinning_Shadow.cg in resource group General or any other group. in ResourceGroupManager::openResource at /ogre_build/ogre/OgreMain/src/OgreResourceGroupManager.cpp (line 756)
21:16:46: OGRE EXCEPTION(2:InvalidParametersException): Named constants have not been initialised, perhaps a compile error. in GpuProgramParameters::_findNamedConstantDefinition at /ogre_build/ogre/OgreMain/src/OgreGpuProgramParams.cpp (line 1709)
21:16:46: Compiler error: invalid parameters in DualQuaternionSkinning_Shadow.material(211): setting of constant failed
21:16:46: OGRE EXCEPTION(2:InvalidParametersException): Named constants have not been initialised, perhaps a compile error. in GpuProgramParameters::_findNamedConstantDefinition at /ogre_build/ogre/OgreMain/src/OgreGpuProgramParams.cpp (line 1709)
21:16:46: Compiler error: invalid parameters in DualQuaternionSkinning_Shadow.material(212): setting of constant failed
21:16:46: OGRE EXCEPTION(2:InvalidParametersException): Named constants have not been initialised, perhaps a compile error. in GpuProgramParameters::_findNamedConstantDefinition at /ogre_build/ogre/OgreMain/src/OgreGpuProgramParams.cpp (line 1709)
21:16:46: Compiler error: invalid parameters in DualQuaternionSkinning_Shadow.material(213): setting of constant failed
21:16:46: OGRE EXCEPTION(2:InvalidParametersException): Named constants have not been initialised, perhaps a compile error. in GpuProgramParameters::_findNamedConstantDefinition at /ogre_build/ogre/OgreMain/src/OgreGpuProgramParams.cpp (line 1709)
21:16:46: Compiler error: invalid parameters in DualQuaternionSkinning_Shadow.material(214): setting of constant failed
21:16:46: OGRE EXCEPTION(6:FileNotFoundException): Cannot locate resource DualQuaternionSkinning_Shadow.cg in resource group General or any other group. in ResourceGroupManager::openResource at /ogre_build/ogre/OgreMain/src/OgreResourceGroupManager.cpp (line 756)
21:16:46: High-level program Ogre/RTShader/shadow_caster_dq_skinning_2weight_twophase_vs_cg encountered an error during loading and is thus not supported.
OGRE EXCEPTION(6:FileNotFoundException): Cannot locate resource DualQuaternionSkinning_Shadow.cg in resource group General or any other group. in ResourceGroupManager::openResource at /ogre_build/ogre/OgreMain/src/OgreResourceGroupManager.cpp (line 756)
21:16:46: OGRE EXCEPTION(2:InvalidParametersException): Named constants have not been initialised, perhaps a compile error. in GpuProgramParameters::_findNamedConstantDefinition at /ogre_build/ogre/OgreMain/src/OgreGpuProgramParams.cpp (line 1709)
21:16:46: Compiler error: invalid parameters in DualQuaternionSkinning_Shadow.material(228): setting of constant failed
21:16:46: OGRE EXCEPTION(2:InvalidParametersException): Named constants have not been initialised, perhaps a compile error. in GpuProgramParameters::_findNamedConstantDefinition at /ogre_build/ogre/OgreMain/src/OgreGpuProgramParams.cpp (line 1709)
21:16:46: Compiler error: invalid parameters in DualQuaternionSkinning_Shadow.material(229): setting of constant failed
21:16:46: OGRE EXCEPTION(2:InvalidParametersException): Named constants have not been initialised, perhaps a compile error. in GpuProgramParameters::_findNamedConstantDefinition at /ogre_build/ogre/OgreMain/src/OgreGpuProgramParams.cpp (line 1709)
21:16:46: Compiler error: invalid parameters in DualQuaternionSkinning_Shadow.material(230): setting of constant failed
21:16:46: OGRE EXCEPTION(2:InvalidParametersException): Named constants have not been initialised, perhaps a compile error. in GpuProgramParameters::_findNamedConstantDefinition at /ogre_build/ogre/OgreMain/src/OgreGpuProgramParams.cpp (line 1709)
21:16:46: Compiler error: invalid parameters in DualQuaternionSkinning_Shadow.material(231): setting of constant failed
21:16:46: Parsing script TriplanarTexturing.material
21:16:46: Compiler error: unknown error in TriplanarTexturing.material(9): token "rtshader_system" is not recognized
21:16:46: Parsing script RTShaderSystem.material
21:16:46: Compiler error: unknown error in RTShaderSystem.material(23): token "rtshader_system" is not recognized
21:16:46: Compiler error: unknown error in RTShaderSystem.material(52): token "rtshader_system" is not recognized
21:16:46: Compiler error: unknown error in RTShaderSystem.material(81): token "rtshader_system" is not recognized
21:16:46: Compiler error: unknown error in RTShaderSystem.material(110): token "rtshader_system" is not recognized
21:16:46: Compiler error: unknown error in RTShaderSystem.material(146): token "rtshader_system" is not recognized
21:16:46: Compiler error: unknown error in RTShaderSystem.material(81): token "rtshader_system" is not recognized
21:16:46: Compiler error: unknown error in RTShaderSystem.material(162): token "rtshader_system" is not recognized
21:16:46: Compiler error: unknown error in RTShaderSystem.material(81): token "rtshader_system" is not recognized
21:16:46: Compiler error: unknown error in RTShaderSystem.material(110): token "rtshader_system" is not recognized
21:16:46: Compiler error: unknown error in RTShaderSystem.material(211): token "rtshader_system" is not recognized
21:16:46: Parsing script HardwareSkinningShadow.material
21:16:46: OGRE EXCEPTION(6:FileNotFoundException): Cannot locate resource HardwareSkinningShadow.cg in resource group General or any other group. in ResourceGroupManager::openResource at /ogre_build/ogre/OgreMain/src/OgreResourceGroupManager.cpp (line 756)
21:16:46: High-level program Ogre/RTShader/shadow_caster_ps_cg encountered an error during loading and is thus not supported.
OGRE EXCEPTION(6:FileNotFoundException): Cannot locate resource HardwareSkinningShadow.cg in resource group General or any other group. in ResourceGroupManager::openResource at /ogre_build/ogre/OgreMain/src/OgreResourceGroupManager.cpp (line 756)
21:16:46: OGRE EXCEPTION(6:FileNotFoundException): Cannot locate resource HardwareSkinningShadow.cg in resource group General or any other group. in ResourceGroupManager::openResource at /ogre_build/ogre/OgreMain/src/OgreResourceGroupManager.cpp (line 756)
21:16:46: High-level program Ogre/RTShader/shadow_caster_skinning_1weight_vs encountered an error during loading and is thus not supported.
OGRE EXCEPTION(6:FileNotFoundException): Cannot locate resource HardwareSkinningShadow.cg in resource group General or any other group. in ResourceGroupManager::openResource at /ogre_build/ogre/OgreMain/src/OgreResourceGroupManager.cpp (line 756)
21:16:46: OGRE EXCEPTION(2:InvalidParametersException): Named constants have not been initialised, perhaps a compile error. in GpuProgramParameters::_findNamedConstantDefinition at /ogre_build/ogre/OgreMain/src/OgreGpuProgramParams.cpp (line 1709)
21:16:46: Compiler error: invalid parameters in HardwareSkinningShadow.material(29): setting of constant failed
21:16:46: OGRE EXCEPTION(2:InvalidParametersException): Named constants have not been initialised, perhaps a compile error. in GpuProgramParameters::_findNamedConstantDefinition at /ogre_build/ogre/OgreMain/src/OgreGpuProgramParams.cpp (line 1709)
21:16:46: Compiler error: invalid parameters in HardwareSkinningShadow.material(30): setting of constant failed
21:16:46: OGRE EXCEPTION(6:FileNotFoundException): Cannot locate resource HardwareSkinningShadow.cg in resource group General or any other group. in ResourceGroupManager::openResource at /ogre_build/ogre/OgreMain/src/OgreResourceGroupManager.cpp (line 756)
21:16:46: High-level program Ogre/RTShader/shadow_caster_skinning_2weight_vs_cg encountered an error during loading and is thus not supported.
OGRE EXCEPTION(6:FileNotFoundException): Cannot locate resource HardwareSkinningShadow.cg in resource group General or any other group. in ResourceGroupManager::openResource at /ogre_build/ogre/OgreMain/src/OgreResourceGroupManager.cpp (line 756)
21:16:46: OGRE EXCEPTION(2:InvalidParametersException): Named constants have not been initialised, perhaps a compile error. in GpuProgramParameters::_findNamedConstantDefinition at /ogre_build/ogre/OgreMain/src/OgreGpuProgramParams.cpp (line 1709)
21:16:46: Compiler error: invalid parameters in HardwareSkinningShadow.material(43): setting of constant failed
21:16:46: OGRE EXCEPTION(2:InvalidParametersException): Named constants have not been initialised, perhaps a compile error. in GpuProgramParameters::_findNamedConstantDefinition at /ogre_build/ogre/OgreMain/src/OgreGpuProgramParams.cpp (line 1709)
21:16:46: Compiler error: invalid parameters in HardwareSkinningShadow.material(44): setting of constant failed
21:16:46: OGRE EXCEPTION(6:FileNotFoundException): Cannot locate resource HardwareSkinningShadow.cg in resource group General or any other group. in ResourceGroupManager::openResource at /ogre_build/ogre/OgreMain/src/OgreResourceGroupManager.cpp (line 756)
21:16:46: High-level program Ogre/RTShader/shadow_caster_skinning_3weight_vs encountered an error during loading and is thus not supported.
OGRE EXCEPTION(6:FileNotFoundException): Cannot locate resource HardwareSkinningShadow.cg in resource group General or any other group. in ResourceGroupManager::openResource at /ogre_build/ogre/OgreMain/src/OgreResourceGroupManager.cpp (line 756)
21:16:46: OGRE EXCEPTION(2:InvalidParametersException): Named constants have not been initialised, perhaps a compile error. in GpuProgramParameters::_findNamedConstantDefinition at /ogre_build/ogre/OgreMain/src/OgreGpuProgramParams.cpp (line 1709)
21:16:46: Compiler error: invalid parameters in HardwareSkinningShadow.material(57): setting of constant failed
21:16:46: OGRE EXCEPTION(2:InvalidParametersException): Named constants have not been initialised, perhaps a compile error. in GpuProgramParameters::_findNamedConstantDefinition at /ogre_build/ogre/OgreMain/src/OgreGpuProgramParams.cpp (line 1709)
21:16:46: Compiler error: invalid parameters in HardwareSkinningShadow.material(58): setting of constant failed
21:16:46: OGRE EXCEPTION(6:FileNotFoundException): Cannot locate resource HardwareSkinningShadow.cg in resource group General or any other group. in ResourceGroupManager::openResource at /ogre_build/ogre/OgreMain/src/OgreResourceGroupManager.cpp (line 756)
21:16:46: High-level program Ogre/RTShader/shadow_caster_skinning_4weight_vs encountered an error during loading and is thus not supported.
OGRE EXCEPTION(6:FileNotFoundException): Cannot locate resource HardwareSkinningShadow.cg in resource group General or any other group. in ResourceGroupManager::openResource at /ogre_build/ogre/OgreMain/src/OgreResourceGroupManager.cpp (line 756)
21:16:46: OGRE EXCEPTION(2:InvalidParametersException): Named constants have not been initialised, perhaps a compile error. in GpuProgramParameters::_findNamedConstantDefinition at /ogre_build/ogre/OgreMain/src/OgreGpuProgramParams.cpp (line 1709)
21:16:46: Compiler error: invalid parameters in HardwareSkinningShadow.material(72): setting of constant failed
21:16:46: OGRE EXCEPTION(2:InvalidParametersException): Named constants have not been initialised, perhaps a compile error. in GpuProgramParameters::_findNamedConstantDefinition at /ogre_build/ogre/OgreMain/src/OgreGpuProgramParams.cpp (line 1709)
21:16:46: Compiler error: invalid parameters in HardwareSkinningShadow.material(73): setting of constant failed
21:16:46: OGRE EXCEPTION(6:FileNotFoundException): Cannot locate resource HardwareSkinningShadow.cg in resource group General or any other group. in ResourceGroupManager::openResource at /ogre_build/ogre/OgreMain/src/OgreResourceGroupManager.cpp (line 756)
21:16:46: High-level program Ogre/RTShader/shadow_receiver_vs encountered an error during loading and is thus not supported.
OGRE EXCEPTION(6:FileNotFoundException): Cannot locate resource HardwareSkinningShadow.cg in resource group General or any other group. in ResourceGroupManager::openResource at /ogre_build/ogre/OgreMain/src/OgreResourceGroupManager.cpp (line 756)
21:16:46: OGRE EXCEPTION(2:InvalidParametersException): Named constants have not been initialised, perhaps a compile error. in GpuProgramParameters::_findNamedConstantDefinition at /ogre_build/ogre/OgreMain/src/OgreGpuProgramParams.cpp (line 1709)
21:16:46: Compiler error: invalid parameters in HardwareSkinningShadow.material(206): setting of constant failed
21:16:46: OGRE EXCEPTION(6:FileNotFoundException): Cannot locate resource HardwareSkinningShadow.cg in resource group General or any other group. in ResourceGroupManager::openResource at /ogre_build/ogre/OgreMain/src/OgreResourceGroupManager.cpp (line 756)
21:16:46: High-level program Ogre/RTShader/shadow_receiver_ps encountered an error during loading and is thus not supported.
OGRE EXCEPTION(6:FileNotFoundException): Cannot locate resource HardwareSkinningShadow.cg in resource group General or any other group. in ResourceGroupManager::openResource at /ogre_build/ogre/OgreMain/src/OgreResourceGroupManager.cpp (line 756)
21:16:46: Parsing script ShowDepth.material
21:16:46: Parsing script UnsharpMask.material
21:16:46: Parsing script GBuffer.material
21:16:46: Parsing script ShowNormals.material
21:16:46: Parsing script CreaseShading.material
21:16:46: Parsing script Volumetric.material
21:16:46: Parsing script SSAOPost.material
21:16:46: Parsing script ShowViewPos.material
21:16:46: Parsing script Crytek.material
21:16:46: Parsing script Modulate.material
21:16:46: Parsing script HemisphereMC.material
21:16:46: Parsing script HorizonBased.material
21:16:46: Parsing script triplanarReference.material
21:16:46: Parsing script glTF2_PBR.material
21:16:46: Parsing script gladius.material
21:16:46: Parsing script cigarette.material
21:16:46: Parsing script ECSLENT.material
21:16:46: Parsing script Cube_Thing.material
21:16:46: Parsing script cvn68.material
21:16:46: Parsing script spaceboxprime.material
21:16:46: Parsing script Hastatus.material
21:16:46: Parsing script ddg51.material
21:16:46: Parsing script alienship.material
21:16:46: Compiler error: unknown error in alienship.material(90): token "1.0," is not recognized
21:16:46: Parsing script Sphere.material
21:16:46: Parsing script Asteroid.material
21:16:46: Parsing script sleek.material
21:16:46: Parsing script RomanBath.material
21:16:46: Parsing script Sinbad.material
21:16:46: Parsing script smoke.particle
21:16:46: Parsing script emitted_emitter.particle
21:16:46: Parsing script Examples.particle
21:16:46: Parsing script Examples-Water.particle
21:16:46: Parsing script Examples.compositor
21:16:46: Parsing script deferred.compositor
21:16:46: Parsing script ssao.compositor
21:16:46: Parsing script SSAO.compositor
21:16:46: Parsing script SSAOPost.compositor
21:16:46: Parsing script SdkTrays.fontdef
21:16:46: Parsing script SdkTrays.overlay
21:16:46: Texture: sdk_cursor.png: Loading 1 faces(PF_A8R8G8B8,32x32x1) with 5 hardware generated mipmaps from Image. Internal format is PF_A8R8G8B8,32x32x1.
21:16:46: Texture: sdk_tray.png: Loading 1 faces(PF_A8R8G8B8,64x64x1) with 5 hardware generated mipmaps from Image. Internal format is PF_A8R8G8B8,64x64x1.
21:16:46: Texture: sdk_button_up.png: Loading 1 faces(PF_A8R8G8B8,128x32x1) with 5 hardware generated mipmaps from Image. Internal format is PF_A8R8G8B8,128x32x1.
21:16:46: Texture: sdk_text_box.png: Loading 1 faces(PF_A8R8G8B8,32x32x1) with 5 hardware generated mipmaps from Image. Internal format is PF_A8R8G8B8,32x32x1.
21:16:46: Texture: sdk_mini_tray.png: Loading 1 faces(PF_A8R8G8B8,32x32x1) with 5 hardware generated mipmaps from Image. Internal format is PF_A8R8G8B8,32x32x1.
21:16:46: Texture: sdk_track.png: Loading 1 faces(PF_A8R8G8B8,16x32x1) with 5 hardware generated mipmaps from Image. Internal format is PF_A8R8G8B8,16x32x1.
21:16:46: Texture: sdk_handle.png: Loading 1 faces(PF_A8R8G8B8,16x16x1) with 4 hardware generated mipmaps from Image. Internal format is PF_A8R8G8B8,16x16x1.
21:16:46: Texture: sdk_mini_text_box.png: Loading 1 faces(PF_A8R8G8B8,32x32x1) with 5 hardware generated mipmaps from Image. Internal format is PF_A8R8G8B8,32x32x1.
21:16:46: Texture: sdk_label.png: Loading 1 faces(PF_A8R8G8B8,32x32x1) with 5 hardware generated mipmaps from Image. Internal format is PF_A8R8G8B8,32x32x1.
21:16:46: Texture: sdk_separator.png: Loading 1 faces(PF_A8R8G8B8,64x16x1) with 5 hardware generated mipmaps from Image. Internal format is PF_A8R8G8B8,64x16x1.
21:16:46: Texture: sdk_logo.png: Loading 1 faces(PF_A8R8G8B8,128x64x1) with 5 hardware generated mipmaps from Image. Internal format is PF_A8R8G8B8,128x64x1.
21:16:46: Texture: sdk_shade.png: Loading 1 faces(PF_A8R8G8B8,64x48x1) with 5 hardware generated mipmaps from Image. Internal format is PF_A8R8G8B8,64x48x1.
21:16:46: Texture: sdk_frame.png: Loading 1 faces(PF_A8R8G8B8,32x32x1) with 5 hardware generated mipmaps from Image. Internal format is PF_A8R8G8B8,32x32x1.
21:16:46: Texture: sdk_mini_text_box_over.png: Loading 1 faces(PF_A8R8G8B8,32x32x1) with 5 hardware generated mipmaps from Image. Internal format is PF_A8R8G8B8,32x32x1.
21:16:46: Texture: sdk_pulse.png: Loading 1 faces(PF_R8G8B8,8x1x1) with 3 hardware generated mipmaps from Image. Internal format is PF_X8R8G8B8,8x1x1.
21:16:46: Finished parsing scripts for resource group General
21:16:46: Creating resources for group General
21:16:46: All done
21:16:46: Parsing scripts for resource group Internal
21:16:46: Finished parsing scripts for resource group Internal
21:16:46: Creating resources for group Internal
21:16:46: All done
21:16:47: Texture: SpaceboxFR.png: Loading 1 faces(PF_R8G8B8,900x900x1) with 5 hardware generated mipmaps from Image. Internal format is PF_X8R8G8B8,900x900x1.
21:16:47: Texture: SpaceboxBK.png: Loading 1 faces(PF_R8G8B8,900x900x1) with 5 hardware generated mipmaps from Image. Internal format is PF_X8R8G8B8,900x900x1.
21:16:47: Texture: SpaceboxLF.png: Loading 1 faces(PF_R8G8B8,900x900x1) with 5 hardware generated mipmaps from Image. Internal format is PF_X8R8G8B8,900x900x1.
21:16:47: Texture: SpaceboxRT.png: Loading 1 faces(PF_R8G8B8,900x900x1) with 5 hardware generated mipmaps from Image. Internal format is PF_X8R8G8B8,900x900x1.
21:16:47: Texture: SpaceboxTP.png: Loading 1 faces(PF_R8G8B8,900x900x1) with 5 hardware generated mipmaps from Image. Internal format is PF_X8R8G8B8,900x900x1.
21:16:47: Texture: SpaceboxBT.png: Loading 1 faces(PF_R8G8B8,900x900x1) with 5 hardware generated mipmaps from Image. Internal format is PF_X8R8G8B8,900x900x1.
21:16:47: Mesh: Loading Hastatus.mesh.
21:16:47: WARNING: Hastatus.mesh is an older format ([MeshSerializer_v1.41]); you should upgrade it as soon as possible using the OgreMeshUpgrade tool.
21:16:47: Can't assign material Material to SubEntity of Ogre/MO1 because this Material does not exist. Have you forgotten to define it in a .material script?
21:16:47: Texture: Hastatus_active.png: Loading 1 faces(PF_R8G8B8,2048x2048x1) with 5 hardware generated mipmaps from Image. Internal format is PF_X8R8G8B8,2048x2048x1.
21:16:47: Mesh: Loading Asteroid_1.mesh.
21:16:47: WARNING: Asteroid_1.mesh is an older format ([MeshSerializer_v1.41]); you should upgrade it as soon as possible using the OgreMeshUpgrade tool.
21:16:47: Texture: Asteroid_1.png: Loading 1 faces(PF_R8G8B8,1024x1024x1) with 5 hardware generated mipmaps from Image. Internal format is PF_X8R8G8B8,1024x1024x1.
21:16:47: Mesh: Loading sphere.mesh.
21:16:47: Can't assign material Material to SubEntity of Ogre/MO10 because this Material does not exist. Have you forgotten to define it in a .material script?
21:16:47: Can't assign material Material to SubEntity of Ogre/MO11 because this Material does not exist. Have you forgotten to define it in a .material script?
21:16:47: Can't assign material Material to SubEntity of Ogre/MO12 because this Material does not exist. Have you forgotten to define it in a .material script?
21:16:47: Can't assign material Material to SubEntity of Ogre/MO13 because this Material does not exist. Have you forgotten to define it in a .material script?
21:16:47: Can't assign material Material to SubEntity of Ogre/MO14 because this Material does not exist. Have you forgotten to define it in a .material script?
21:16:47: Can't assign material Material to SubEntity of Ogre/MO15 because this Material does not exist. Have you forgotten to define it in a .material script?
21:16:47: Can't assign material Material to SubEntity of Ogre/MO16 because this Material does not exist. Have you forgotten to define it in a .material script?
21:16:47: Texture: ecslentUI3.png: Loading 1 faces(PF_A8R8G8B8,1024x768x1) with 5 hardware generated mipmaps from Image. Internal format is PF_A8R8G8B8,1024x768x1.
21:16:53: DefaultWorkQueue('Root') shutting down on thread 7fd465cf0800.
21:16:53: DefaultWorkQueue('Root')::WorkerFunc - thread 7fd451cbb700 stopped.
21:16:53: DefaultWorkQueue('Root')::WorkerFunc - thread 7fd44bfff700 stopped.
21:16:53: DefaultWorkQueue('Root')::WorkerFunc - thread 7fd4514ba700 stopped.
21:16:53: DefaultWorkQueue('Root')::WorkerFunc - thread 7fd450cb9700 stopped.
21:16:53: DefaultWorkQueue('Root')::WorkerFunc - thread 7fd44b7fe700 stopped.
21:16:53: DefaultWorkQueue('Root')::WorkerFunc - thread 7fd44affd700 stopped.
21:16:53: DefaultWorkQueue('Root')::WorkerFunc - thread 7fd44a7fc700 stopped.
21:16:53: DefaultWorkQueue('Root')::WorkerFunc - thread 7fd449ffb700 stopped.
21:16:53: PCZone Factory Type 'ZoneType_Octree' unregistered
21:16:53: Unregistering ResourceManager for type BspLevel
21:16:53: *-*-* OGRE Shutdown
